-------------------------------------------------------------------------------
Test set: com.examly.springapp.SpringappApplicationTests
-------------------------------------------------------------------------------
Tests run: 79, Failures: 11, Errors: 0, Skipped: 0, Time elapsed: 6.256 s <<< FAILURE! - in com.examly.springapp.SpringappApplicationTests
com.examly.springapp.SpringappApplicationTests.Day9_testPagination_PageNumberApplied  Time elapsed: 0.01 s  <<< FAILURE!
java.lang.AssertionError: Status expected:<200> but was:<404>
	at com.examly.springapp.SpringappApplicationTests.Day9_testPagination_PageNumberApplied(SpringappApplicationTests.java:803)

com.examly.springapp.SpringappApplicationTests.Day9_testPagination_PageSizeApplied  Time elapsed: 0.005 s  <<< FAILURE!
java.lang.AssertionError: Status expected:<200> but was:<404>
	at com.examly.springapp.SpringappApplicationTests.Day9_testPagination_PageSizeApplied(SpringappApplicationTests.java:815)

com.examly.springapp.SpringappApplicationTests.Day9_testPagination_SortingPresent  Time elapsed: 0.005 s  <<< FAILURE!
java.lang.AssertionError: Status expected:<200> but was:<404>
	at com.examly.springapp.SpringappApplicationTests.Day9_testPagination_SortingPresent(SpringappApplicationTests.java:827)

com.examly.springapp.SpringappApplicationTests.Day9_testPagination_ContentArrayExists  Time elapsed: 0.005 s  <<< FAILURE!
java.lang.AssertionError: Status expected:<200> but was:<404>
	at com.examly.springapp.SpringappApplicationTests.Day9_testPagination_ContentArrayExists(SpringappApplicationTests.java:842)

com.examly.springapp.SpringappApplicationTests.Day9_testPagination_TotalElementsExists  Time elapsed: 0.005 s  <<< FAILURE!
java.lang.AssertionError: Status expected:<200> but was:<404>
	at com.examly.springapp.SpringappApplicationTests.Day9_testPagination_TotalElementsExists(SpringappApplicationTests.java:854)

com.examly.springapp.SpringappApplicationTests.Day9_testPagination_TotalPagesExists  Time elapsed: 0.005 s  <<< FAILURE!
java.lang.AssertionError: Status expected:<200> but was:<404>
	at com.examly.springapp.SpringappApplicationTests.Day9_testPagination_TotalPagesExists(SpringappApplicationTests.java:866)

com.examly.springapp.SpringappApplicationTests.Day11_testSearchGrievanceCategories  Time elapsed: 0.016 s  <<< FAILURE!
java.lang.AssertionError: Status expected:<200> but was:<404>
	at com.examly.springapp.SpringappApplicationTests.Day11_testSearchGrievanceCategories(SpringappApplicationTests.java:1039)

com.examly.springapp.SpringappApplicationTests.Day13_test_execption_Directory_Exists  Time elapsed: 0.005 s  <<< FAILURE!
org.opentest4j.AssertionFailedError: expected: <true> but was: <false>
	at com.examly.springapp.SpringappApplicationTests.Day13_test_execption_Directory_Exists(SpringappApplicationTests.java:1127)

com.examly.springapp.SpringappApplicationTests.Day13_test_GloabalEception_File_Exists  Time elapsed: 0.002 s  <<< FAILURE!
org.opentest4j.AssertionFailedError: expected: <true> but was: <false>
	at com.examly.springapp.SpringappApplicationTests.Day13_test_GloabalEception_File_Exists(SpringappApplicationTests.java:1135)

com.examly.springapp.SpringappApplicationTests.Day14test_configuartion_Directory_Exists  Time elapsed: 0.003 s  <<< FAILURE!
org.opentest4j.AssertionFailedError: expected: <true> but was: <false>
	at com.examly.springapp.SpringappApplicationTests.Day14test_configuartion_Directory_Exists(SpringappApplicationTests.java:1142)

com.examly.springapp.SpringappApplicationTests.Day15_testAOPLogFileExists  Time elapsed: 0.001 s  <<< FAILURE!
org.opentest4j.AssertionFailedError: expected: <true> but was: <false>
	at com.examly.springapp.SpringappApplicationTests.Day15_testAOPLogFileExists(SpringappApplicationTests.java:1149)

